The system is: Darwin - 18.7.0 - x86_64
Compiling the C compiler identification source file "CMakeCCompilerId.c" succeeded.
Compiler: /Users/janv4/Desktop/Projects/MPICH/mpich-3.3.2/build/bin/mpicc 
Build flags: 
Id flags:  

The output was:
0


Compilation of the C compiler identification source "CMakeCCompilerId.c" produced "a.out"

The C compiler identification is GNU, found in "/Users/janv4/Desktop/ChiTech/UnColFAlgo/buildc/CMakeFiles/3.13.1/CompilerIdC/a.out"

Compiling the CXX compiler identification source file "CMakeCXXCompilerId.cpp" succeeded.
Compiler: /Users/janv4/Desktop/Projects/MPICH/mpich-3.3.2/build/bin/mpicxx 
Build flags: 
Id flags:  

The output was:
0


Compilation of the CXX compiler identification source "CMakeCXXCompilerId.cpp" produced "a.out"

The CXX compiler identification is GNU, found in "/Users/janv4/Desktop/ChiTech/UnColFAlgo/buildc/CMakeFiles/3.13.1/CompilerIdCXX/a.out"

Determining if the C compiler works passed with the following output:
Change Dir: /Users/janv4/Desktop/ChiTech/UnColFAlgo/buildc/CMakeFiles/CMakeTmp

Run Build Command:"/usr/local/bin/gmake" "cmTC_29305/fast"
/usr/local/bin/gmake -f CMakeFiles/cmTC_29305.dir/build.make CMakeFiles/cmTC_29305.dir/build
gmake[1]: Entering directory '/Users/janv4/Desktop/ChiTech/UnColFAlgo/buildc/CMakeFiles/CMakeTmp'
Building C object CMakeFiles/cmTC_29305.dir/testCCompiler.c.o
/Users/janv4/Desktop/Projects/MPICH/mpich-3.3.2/build/bin/mpicc   -mmacosx-version-min=10.14   -o CMakeFiles/cmTC_29305.dir/testCCompiler.c.o   -c /Users/janv4/Desktop/ChiTech/UnColFAlgo/buildc/CMakeFiles/CMakeTmp/testCCompiler.c
Linking C executable cmTC_29305
/usr/local/Cellar/cmake/3.13.1/bin/cmake -E cmake_link_script CMakeFiles/cmTC_29305.dir/link.txt --verbose=1
/Users/janv4/Desktop/Projects/MPICH/mpich-3.3.2/build/bin/mpicc   -mmacosx-version-min=10.14 -Wl,-search_paths_first -Wl,-headerpad_max_install_names   CMakeFiles/cmTC_29305.dir/testCCompiler.c.o  -o cmTC_29305 
gmake[1]: Leaving directory '/Users/janv4/Desktop/ChiTech/UnColFAlgo/buildc/CMakeFiles/CMakeTmp'


Detecting C compiler ABI info compiled with the following output:
Change Dir: /Users/janv4/Desktop/ChiTech/UnColFAlgo/buildc/CMakeFiles/CMakeTmp

Run Build Command:"/usr/local/bin/gmake" "cmTC_c350b/fast"
/usr/local/bin/gmake -f CMakeFiles/cmTC_c350b.dir/build.make CMakeFiles/cmTC_c350b.dir/build
gmake[1]: Entering directory '/Users/janv4/Desktop/ChiTech/UnColFAlgo/buildc/CMakeFiles/CMakeTmp'
Building C object CMakeFiles/cmTC_c350b.dir/CMakeCCompilerABI.c.o
/Users/janv4/Desktop/Projects/MPICH/mpich-3.3.2/build/bin/mpicc   -mmacosx-version-min=10.14   -o CMakeFiles/cmTC_c350b.dir/CMakeCCompilerABI.c.o   -c /usr/local/Cellar/cmake/3.13.1/share/cmake/Modules/CMakeCCompilerABI.c
Linking C executable cmTC_c350b
/usr/local/Cellar/cmake/3.13.1/bin/cmake -E cmake_link_script CMakeFiles/cmTC_c350b.dir/link.txt --verbose=1
/Users/janv4/Desktop/Projects/MPICH/mpich-3.3.2/build/bin/mpicc   -mmacosx-version-min=10.14 -Wl,-search_paths_first -Wl,-headerpad_max_install_names  -v -Wl,-v CMakeFiles/cmTC_c350b.dir/CMakeCCompilerABI.c.o  -o cmTC_c350b 
mpicc for MPICH version 3.3.2
Using built-in specs.
COLLECT_GCC=/Users/janv4/Modules/SymLinks/gcc
COLLECT_LTO_WRAPPER=/usr/local/Cellar/gcc/10.2.0/libexec/gcc/x86_64-apple-darwin18/10.2.0/lto-wrapper
Target: x86_64-apple-darwin18
Configured with: ../configure --build=x86_64-apple-darwin18 --prefix=/usr/local/Cellar/gcc/10.2.0 --libdir=/usr/local/Cellar/gcc/10.2.0/lib/gcc/10 --disable-nls --enable-checking=release --enable-languages=c,c++,objc,obj-c++,fortran --program-suffix=-10 --with-gmp=/usr/local/opt/gmp --with-mpfr=/usr/local/opt/mpfr --with-mpc=/usr/local/opt/libmpc --with-isl=/usr/local/opt/isl --with-system-zlib --with-pkgversion='Homebrew GCC 10.2.0' --with-bugurl=https://github.com/Homebrew/homebrew-core/issues --disable-multilib --with-native-system-header-dir=/usr/include --with-sysroot=/Library/Developer/CommandLineTools/SDKs/MacOSX10.14.sdk SED=/usr/bin/sed
Thread model: posix
Supported LTO compression algorithms: zlib
gcc version 10.2.0 (Homebrew GCC 10.2.0) 
COMPILER_PATH=/usr/local/Cellar/gcc/10.2.0/libexec/gcc/x86_64-apple-darwin18/10.2.0/:/usr/local/Cellar/gcc/10.2.0/libexec/gcc/x86_64-apple-darwin18/10.2.0/:/usr/local/Cellar/gcc/10.2.0/libexec/gcc/x86_64-apple-darwin18/:/usr/local/Cellar/gcc/10.2.0/lib/gcc/10/gcc/x86_64-apple-darwin18/10.2.0/:/usr/local/Cellar/gcc/10.2.0/lib/gcc/10/gcc/x86_64-apple-darwin18/
LIBRARY_PATH=/usr/local/Cellar/gcc/10.2.0/lib/gcc/10/gcc/x86_64-apple-darwin18/10.2.0/:/usr/local/Cellar/gcc/10.2.0/lib/gcc/10/gcc/x86_64-apple-darwin18/10.2.0/../../../
COLLECT_GCC_OPTIONS='-v' '-o' 'cmTC_c350b' '-I' '/Users/janv4/Desktop/Projects/MPICH/mpich-3.3.2/build/include' '-L/Users/janv4/Desktop/Projects/MPICH/mpich-3.3.2/build/lib' '-mmacosx-version-min=10.14' '-asm_macosx_version_min=10.14' '-mtune=core2'
 /usr/local/Cellar/gcc/10.2.0/libexec/gcc/x86_64-apple-darwin18/10.2.0/collect2 -syslibroot /Library/Developer/CommandLineTools/SDKs/MacOSX10.14.sdk/ -dynamic -arch x86_64 -macosx_version_min 10.14 -weak_reference_mismatches non-weak -o cmTC_c350b -L/Users/janv4/Desktop/Projects/MPICH/mpich-3.3.2/build/lib -L/usr/local/Cellar/gcc/10.2.0/lib/gcc/10/gcc/x86_64-apple-darwin18/10.2.0 -L/usr/local/Cellar/gcc/10.2.0/lib/gcc/10/gcc/x86_64-apple-darwin18/10.2.0/../../.. -flat_namespace -commons use_dylibs -search_paths_first -headerpad_max_install_names -v CMakeFiles/cmTC_c350b.dir/CMakeCCompilerABI.c.o -lmpi -lpmpi -lSystem -lgcc_ext.10.5 -lgcc -lSystem -no_compact_unwind -v
collect2 version 10.2.0
/usr/bin/ld -syslibroot /Library/Developer/CommandLineTools/SDKs/MacOSX10.14.sdk/ -dynamic -arch x86_64 -macosx_version_min 10.14 -weak_reference_mismatches non-weak -o cmTC_c350b -L/Users/janv4/Desktop/Projects/MPICH/mpich-3.3.2/build/lib -L/usr/local/Cellar/gcc/10.2.0/lib/gcc/10/gcc/x86_64-apple-darwin18/10.2.0 -L/usr/local/Cellar/gcc/10.2.0/lib/gcc/10/gcc/x86_64-apple-darwin18/10.2.0/../../.. -flat_namespace -commons use_dylibs -search_paths_first -headerpad_max_install_names -v CMakeFiles/cmTC_c350b.dir/CMakeCCompilerABI.c.o -lmpi -lpmpi -lSystem -lgcc_ext.10.5 -lgcc -lSystem -no_compact_unwind -v
@(#)PROGRAM:ld  PROJECT:ld64-512.4
BUILD 14:16:54 Aug 26 2019
configured to support archs: armv6 armv7 armv7s arm64 arm64e arm64_32 i386 x86_64 x86_64h armv6m armv7k armv7m armv7em
@(#)PROGRAM:ld  PROJECT:ld64-512.4
BUILD 14:16:54 Aug 26 2019
configured to support archs: armv6 armv7 armv7s arm64 arm64e arm64_32 i386 x86_64 x86_64h armv6m armv7k armv7m armv7em
Library search paths:
	/Users/janv4/Desktop/Projects/MPICH/mpich-3.3.2/build/lib
	/usr/local/Cellar/gcc/10.2.0/lib/gcc/10/gcc/x86_64-apple-darwin18/10.2.0
	/usr/local/Cellar/gcc/10.2.0/lib/gcc/10
	/Library/Developer/CommandLineTools/SDKs/MacOSX10.14.sdk/usr/lib
Framework search paths:
	/Library/Developer/CommandLineTools/SDKs/MacOSX10.14.sdk/System/Library/Frameworks/
gmake[1]: Leaving directory '/Users/janv4/Desktop/ChiTech/UnColFAlgo/buildc/CMakeFiles/CMakeTmp'


Parsed C implicit link information from above output:
  link line regex: [^( *|.*[/\])(ld|CMAKE_LINK_STARTFILE-NOTFOUND|([^/\]+-)?ld|collect2)[^/\]*( |$)]
  ignore line: [Change Dir: /Users/janv4/Desktop/ChiTech/UnColFAlgo/buildc/CMakeFiles/CMakeTmp]
  ignore line: []
  ignore line: [Run Build Command:"/usr/local/bin/gmake" "cmTC_c350b/fast"]
  ignore line: [/usr/local/bin/gmake -f CMakeFiles/cmTC_c350b.dir/build.make CMakeFiles/cmTC_c350b.dir/build]
  ignore line: [gmake[1]: Entering directory '/Users/janv4/Desktop/ChiTech/UnColFAlgo/buildc/CMakeFiles/CMakeTmp']
  ignore line: [Building C object CMakeFiles/cmTC_c350b.dir/CMakeCCompilerABI.c.o]
  ignore line: [/Users/janv4/Desktop/Projects/MPICH/mpich-3.3.2/build/bin/mpicc   -mmacosx-version-min=10.14   -o CMakeFiles/cmTC_c350b.dir/CMakeCCompilerABI.c.o   -c /usr/local/Cellar/cmake/3.13.1/share/cmake/Modules/CMakeCCompilerABI.c]
  ignore line: [Linking C executable cmTC_c350b]
  ignore line: [/usr/local/Cellar/cmake/3.13.1/bin/cmake -E cmake_link_script CMakeFiles/cmTC_c350b.dir/link.txt --verbose=1]
  ignore line: [/Users/janv4/Desktop/Projects/MPICH/mpich-3.3.2/build/bin/mpicc   -mmacosx-version-min=10.14 -Wl,-search_paths_first -Wl,-headerpad_max_install_names  -v -Wl,-v CMakeFiles/cmTC_c350b.dir/CMakeCCompilerABI.c.o  -o cmTC_c350b ]
  ignore line: [mpicc for MPICH version 3.3.2]
  ignore line: [Using built-in specs.]
  ignore line: [COLLECT_GCC=/Users/janv4/Modules/SymLinks/gcc]
  ignore line: [COLLECT_LTO_WRAPPER=/usr/local/Cellar/gcc/10.2.0/libexec/gcc/x86_64-apple-darwin18/10.2.0/lto-wrapper]
  ignore line: [Target: x86_64-apple-darwin18]
  ignore line: [Configured with: ../configure --build=x86_64-apple-darwin18 --prefix=/usr/local/Cellar/gcc/10.2.0 --libdir=/usr/local/Cellar/gcc/10.2.0/lib/gcc/10 --disable-nls --enable-checking=release --enable-languages=c,c++,objc,obj-c++,fortran --program-suffix=-10 --with-gmp=/usr/local/opt/gmp --with-mpfr=/usr/local/opt/mpfr --with-mpc=/usr/local/opt/libmpc --with-isl=/usr/local/opt/isl --with-system-zlib --with-pkgversion='Homebrew GCC 10.2.0' --with-bugurl=https://github.com/Homebrew/homebrew-core/issues --disable-multilib --with-native-system-header-dir=/usr/include --with-sysroot=/Library/Developer/CommandLineTools/SDKs/MacOSX10.14.sdk SED=/usr/bin/sed]
  ignore line: [Thread model: posix]
  ignore line: [Supported LTO compression algorithms: zlib]
  ignore line: [gcc version 10.2.0 (Homebrew GCC 10.2.0) ]
  ignore line: [COMPILER_PATH=/usr/local/Cellar/gcc/10.2.0/libexec/gcc/x86_64-apple-darwin18/10.2.0/:/usr/local/Cellar/gcc/10.2.0/libexec/gcc/x86_64-apple-darwin18/10.2.0/:/usr/local/Cellar/gcc/10.2.0/libexec/gcc/x86_64-apple-darwin18/:/usr/local/Cellar/gcc/10.2.0/lib/gcc/10/gcc/x86_64-apple-darwin18/10.2.0/:/usr/local/Cellar/gcc/10.2.0/lib/gcc/10/gcc/x86_64-apple-darwin18/]
  ignore line: [LIBRARY_PATH=/usr/local/Cellar/gcc/10.2.0/lib/gcc/10/gcc/x86_64-apple-darwin18/10.2.0/:/usr/local/Cellar/gcc/10.2.0/lib/gcc/10/gcc/x86_64-apple-darwin18/10.2.0/../../../]
  ignore line: [COLLECT_GCC_OPTIONS='-v' '-o' 'cmTC_c350b' '-I' '/Users/janv4/Desktop/Projects/MPICH/mpich-3.3.2/build/include' '-L/Users/janv4/Desktop/Projects/MPICH/mpich-3.3.2/build/lib' '-mmacosx-version-min=10.14' '-asm_macosx_version_min=10.14' '-mtune=core2']
  link line: [ /usr/local/Cellar/gcc/10.2.0/libexec/gcc/x86_64-apple-darwin18/10.2.0/collect2 -syslibroot /Library/Developer/CommandLineTools/SDKs/MacOSX10.14.sdk/ -dynamic -arch x86_64 -macosx_version_min 10.14 -weak_reference_mismatches non-weak -o cmTC_c350b -L/Users/janv4/Desktop/Projects/MPICH/mpich-3.3.2/build/lib -L/usr/local/Cellar/gcc/10.2.0/lib/gcc/10/gcc/x86_64-apple-darwin18/10.2.0 -L/usr/local/Cellar/gcc/10.2.0/lib/gcc/10/gcc/x86_64-apple-darwin18/10.2.0/../../.. -flat_namespace -commons use_dylibs -search_paths_first -headerpad_max_install_names -v CMakeFiles/cmTC_c350b.dir/CMakeCCompilerABI.c.o -lmpi -lpmpi -lSystem -lgcc_ext.10.5 -lgcc -lSystem -no_compact_unwind -v]
    arg [/usr/local/Cellar/gcc/10.2.0/libexec/gcc/x86_64-apple-darwin18/10.2.0/collect2] ==> ignore
    arg [-syslibroot] ==> ignore
    arg [/Library/Developer/CommandLineTools/SDKs/MacOSX10.14.sdk/] ==> ignore
    arg [-dynamic] ==> ignore
    arg [-arch] ==> ignore
    arg [x86_64] ==> ignore
    arg [-macosx_version_min] ==> ignore
    arg [10.14] ==> ignore
    arg [-weak_reference_mismatches] ==> ignore
    arg [non-weak] ==> ignore
    arg [-o] ==> ignore
    arg [cmTC_c350b] ==> ignore
    arg [-L/Users/janv4/Desktop/Projects/MPICH/mpich-3.3.2/build/lib] ==> dir [/Users/janv4/Desktop/Projects/MPICH/mpich-3.3.2/build/lib]
    arg [-L/usr/local/Cellar/gcc/10.2.0/lib/gcc/10/gcc/x86_64-apple-darwin18/10.2.0] ==> dir [/usr/local/Cellar/gcc/10.2.0/lib/gcc/10/gcc/x86_64-apple-darwin18/10.2.0]
    arg [-L/usr/local/Cellar/gcc/10.2.0/lib/gcc/10/gcc/x86_64-apple-darwin18/10.2.0/../../..] ==> dir [/usr/local/Cellar/gcc/10.2.0/lib/gcc/10/gcc/x86_64-apple-darwin18/10.2.0/../../..]
    arg [-flat_namespace] ==> ignore
    arg [-commons] ==> ignore
    arg [use_dylibs] ==> ignore
    arg [-search_paths_first] ==> ignore
    arg [-headerpad_max_install_names] ==> ignore
    arg [-v] ==> ignore
    arg [CMakeFiles/cmTC_c350b.dir/CMakeCCompilerABI.c.o] ==> ignore
    arg [-lmpi] ==> lib [mpi]
    arg [-lpmpi] ==> lib [pmpi]
    arg [-lSystem] ==> lib [System]
    arg [-lgcc_ext.10.5] ==> lib [gcc_ext.10.5]
    arg [-lgcc] ==> lib [gcc]
    arg [-lSystem] ==> lib [System]
    arg [-no_compact_unwind] ==> ignore
    arg [-v] ==> ignore
  Library search paths: [;/Users/janv4/Desktop/Projects/MPICH/mpich-3.3.2/build/lib;/usr/local/Cellar/gcc/10.2.0/lib/gcc/10/gcc/x86_64-apple-darwin18/10.2.0;/usr/local/Cellar/gcc/10.2.0/lib/gcc/10;/Library/Developer/CommandLineTools/SDKs/MacOSX10.14.sdk/usr/lib]
  Framework search paths: [;/Library/Developer/CommandLineTools/SDKs/MacOSX10.14.sdk/System/Library/Frameworks/]
  remove lib [System]
  remove lib [System]
  collapse library dir [/Users/janv4/Desktop/Projects/MPICH/mpich-3.3.2/build/lib] ==> [/Users/janv4/Desktop/Projects/MPICH/mpich-3.3.2/build/lib]
  collapse library dir [/usr/local/Cellar/gcc/10.2.0/lib/gcc/10/gcc/x86_64-apple-darwin18/10.2.0] ==> [/usr/local/Cellar/gcc/10.2.0/lib/gcc/10/gcc/x86_64-apple-darwin18/10.2.0]
  collapse library dir [/usr/local/Cellar/gcc/10.2.0/lib/gcc/10/gcc/x86_64-apple-darwin18/10.2.0/../../..] ==> [/usr/local/Cellar/gcc/10.2.0/lib/gcc/10]
  collapse library dir [/Users/janv4/Desktop/Projects/MPICH/mpich-3.3.2/build/lib] ==> [/Users/janv4/Desktop/Projects/MPICH/mpich-3.3.2/build/lib]
  collapse library dir [/usr/local/Cellar/gcc/10.2.0/lib/gcc/10/gcc/x86_64-apple-darwin18/10.2.0] ==> [/usr/local/Cellar/gcc/10.2.0/lib/gcc/10/gcc/x86_64-apple-darwin18/10.2.0]
  collapse library dir [/usr/local/Cellar/gcc/10.2.0/lib/gcc/10] ==> [/usr/local/Cellar/gcc/10.2.0/lib/gcc/10]
  collapse library dir [/Library/Developer/CommandLineTools/SDKs/MacOSX10.14.sdk/usr/lib] ==> [/Library/Developer/CommandLineTools/SDKs/MacOSX10.14.sdk/usr/lib]
  collapse framework dir [/Library/Developer/CommandLineTools/SDKs/MacOSX10.14.sdk/System/Library/Frameworks/] ==> [/Library/Developer/CommandLineTools/SDKs/MacOSX10.14.sdk/System/Library/Frameworks]
  implicit libs: [mpi;pmpi;gcc_ext.10.5;gcc]
  implicit dirs: [/Users/janv4/Desktop/Projects/MPICH/mpich-3.3.2/build/lib;/usr/local/Cellar/gcc/10.2.0/lib/gcc/10/gcc/x86_64-apple-darwin18/10.2.0;/usr/local/Cellar/gcc/10.2.0/lib/gcc/10;/Library/Developer/CommandLineTools/SDKs/MacOSX10.14.sdk/usr/lib]
  implicit fwks: [/Library/Developer/CommandLineTools/SDKs/MacOSX10.14.sdk/System/Library/Frameworks]




Detecting C [-std=c11] compiler features compiled with the following output:
Change Dir: /Users/janv4/Desktop/ChiTech/UnColFAlgo/buildc/CMakeFiles/CMakeTmp

Run Build Command:"/usr/local/bin/gmake" "cmTC_3fd37/fast"
/usr/local/bin/gmake -f CMakeFiles/cmTC_3fd37.dir/build.make CMakeFiles/cmTC_3fd37.dir/build
gmake[1]: Entering directory '/Users/janv4/Desktop/ChiTech/UnColFAlgo/buildc/CMakeFiles/CMakeTmp'
Building C object CMakeFiles/cmTC_3fd37.dir/feature_tests.c.o
/Users/janv4/Desktop/Projects/MPICH/mpich-3.3.2/build/bin/mpicc   -mmacosx-version-min=10.14   -std=c11 -o CMakeFiles/cmTC_3fd37.dir/feature_tests.c.o   -c /Users/janv4/Desktop/ChiTech/UnColFAlgo/buildc/CMakeFiles/feature_tests.c
Linking C executable cmTC_3fd37
/usr/local/Cellar/cmake/3.13.1/bin/cmake -E cmake_link_script CMakeFiles/cmTC_3fd37.dir/link.txt --verbose=1
/Users/janv4/Desktop/Projects/MPICH/mpich-3.3.2/build/bin/mpicc   -mmacosx-version-min=10.14 -Wl,-search_paths_first -Wl,-headerpad_max_install_names   CMakeFiles/cmTC_3fd37.dir/feature_tests.c.o  -o cmTC_3fd37 
gmake[1]: Leaving directory '/Users/janv4/Desktop/ChiTech/UnColFAlgo/buildc/CMakeFiles/CMakeTmp'


    Feature record: C_FEATURE:1c_function_prototypes
    Feature record: C_FEATURE:1c_restrict
    Feature record: C_FEATURE:1c_static_assert
    Feature record: C_FEATURE:1c_variadic_macros


Detecting C [-std=c99] compiler features compiled with the following output:
Change Dir: /Users/janv4/Desktop/ChiTech/UnColFAlgo/buildc/CMakeFiles/CMakeTmp

Run Build Command:"/usr/local/bin/gmake" "cmTC_14d5d/fast"
/usr/local/bin/gmake -f CMakeFiles/cmTC_14d5d.dir/build.make CMakeFiles/cmTC_14d5d.dir/build
gmake[1]: Entering directory '/Users/janv4/Desktop/ChiTech/UnColFAlgo/buildc/CMakeFiles/CMakeTmp'
Building C object CMakeFiles/cmTC_14d5d.dir/feature_tests.c.o
/Users/janv4/Desktop/Projects/MPICH/mpich-3.3.2/build/bin/mpicc   -mmacosx-version-min=10.14   -std=c99 -o CMakeFiles/cmTC_14d5d.dir/feature_tests.c.o   -c /Users/janv4/Desktop/ChiTech/UnColFAlgo/buildc/CMakeFiles/feature_tests.c
Linking C executable cmTC_14d5d
/usr/local/Cellar/cmake/3.13.1/bin/cmake -E cmake_link_script CMakeFiles/cmTC_14d5d.dir/link.txt --verbose=1
/Users/janv4/Desktop/Projects/MPICH/mpich-3.3.2/build/bin/mpicc   -mmacosx-version-min=10.14 -Wl,-search_paths_first -Wl,-headerpad_max_install_names   CMakeFiles/cmTC_14d5d.dir/feature_tests.c.o  -o cmTC_14d5d 
gmake[1]: Leaving directory '/Users/janv4/Desktop/ChiTech/UnColFAlgo/buildc/CMakeFiles/CMakeTmp'


    Feature record: C_FEATURE:1c_function_prototypes
    Feature record: C_FEATURE:1c_restrict
    Feature record: C_FEATURE:0c_static_assert
    Feature record: C_FEATURE:1c_variadic_macros


Detecting C [-std=c90] compiler features compiled with the following output:
Change Dir: /Users/janv4/Desktop/ChiTech/UnColFAlgo/buildc/CMakeFiles/CMakeTmp

Run Build Command:"/usr/local/bin/gmake" "cmTC_de95b/fast"
/usr/local/bin/gmake -f CMakeFiles/cmTC_de95b.dir/build.make CMakeFiles/cmTC_de95b.dir/build
gmake[1]: Entering directory '/Users/janv4/Desktop/ChiTech/UnColFAlgo/buildc/CMakeFiles/CMakeTmp'
Building C object CMakeFiles/cmTC_de95b.dir/feature_tests.c.o
/Users/janv4/Desktop/Projects/MPICH/mpich-3.3.2/build/bin/mpicc   -mmacosx-version-min=10.14   -std=c90 -o CMakeFiles/cmTC_de95b.dir/feature_tests.c.o   -c /Users/janv4/Desktop/ChiTech/UnColFAlgo/buildc/CMakeFiles/feature_tests.c
Linking C executable cmTC_de95b
/usr/local/Cellar/cmake/3.13.1/bin/cmake -E cmake_link_script CMakeFiles/cmTC_de95b.dir/link.txt --verbose=1
/Users/janv4/Desktop/Projects/MPICH/mpich-3.3.2/build/bin/mpicc   -mmacosx-version-min=10.14 -Wl,-search_paths_first -Wl,-headerpad_max_install_names   CMakeFiles/cmTC_de95b.dir/feature_tests.c.o  -o cmTC_de95b 
gmake[1]: Leaving directory '/Users/janv4/Desktop/ChiTech/UnColFAlgo/buildc/CMakeFiles/CMakeTmp'


    Feature record: C_FEATURE:1c_function_prototypes
    Feature record: C_FEATURE:0c_restrict
    Feature record: C_FEATURE:0c_static_assert
    Feature record: C_FEATURE:0c_variadic_macros
Determining if the CXX compiler works passed with the following output:
Change Dir: /Users/janv4/Desktop/ChiTech/UnColFAlgo/buildc/CMakeFiles/CMakeTmp

Run Build Command:"/usr/local/bin/gmake" "cmTC_3db26/fast"
/usr/local/bin/gmake -f CMakeFiles/cmTC_3db26.dir/build.make CMakeFiles/cmTC_3db26.dir/build
gmake[1]: Entering directory '/Users/janv4/Desktop/ChiTech/UnColFAlgo/buildc/CMakeFiles/CMakeTmp'
Building CXX object CMakeFiles/cmTC_3db26.dir/testCXXCompiler.cxx.o
/Users/janv4/Desktop/Projects/MPICH/mpich-3.3.2/build/bin/mpicxx    -mmacosx-version-min=10.14   -o CMakeFiles/cmTC_3db26.dir/testCXXCompiler.cxx.o -c /Users/janv4/Desktop/ChiTech/UnColFAlgo/buildc/CMakeFiles/CMakeTmp/testCXXCompiler.cxx
Linking CXX executable cmTC_3db26
/usr/local/Cellar/cmake/3.13.1/bin/cmake -E cmake_link_script CMakeFiles/cmTC_3db26.dir/link.txt --verbose=1
/Users/janv4/Desktop/Projects/MPICH/mpich-3.3.2/build/bin/mpicxx    -mmacosx-version-min=10.14 -Wl,-search_paths_first -Wl,-headerpad_max_install_names   CMakeFiles/cmTC_3db26.dir/testCXXCompiler.cxx.o  -o cmTC_3db26 
gmake[1]: Leaving directory '/Users/janv4/Desktop/ChiTech/UnColFAlgo/buildc/CMakeFiles/CMakeTmp'


Detecting CXX compiler ABI info compiled with the following output:
Change Dir: /Users/janv4/Desktop/ChiTech/UnColFAlgo/buildc/CMakeFiles/CMakeTmp

Run Build Command:"/usr/local/bin/gmake" "cmTC_0df31/fast"
/usr/local/bin/gmake -f CMakeFiles/cmTC_0df31.dir/build.make CMakeFiles/cmTC_0df31.dir/build
gmake[1]: Entering directory '/Users/janv4/Desktop/ChiTech/UnColFAlgo/buildc/CMakeFiles/CMakeTmp'
Building CXX object CMakeFiles/cmTC_0df31.dir/CMakeCXXCompilerABI.cpp.o
/Users/janv4/Desktop/Projects/MPICH/mpich-3.3.2/build/bin/mpicxx    -mmacosx-version-min=10.14   -o CMakeFiles/cmTC_0df31.dir/CMakeCXXCompilerABI.cpp.o -c /usr/local/Cellar/cmake/3.13.1/share/cmake/Modules/CMakeCXXCompilerABI.cpp
Linking CXX executable cmTC_0df31
/usr/local/Cellar/cmake/3.13.1/bin/cmake -E cmake_link_script CMakeFiles/cmTC_0df31.dir/link.txt --verbose=1
/Users/janv4/Desktop/Projects/MPICH/mpich-3.3.2/build/bin/mpicxx    -mmacosx-version-min=10.14 -Wl,-search_paths_first -Wl,-headerpad_max_install_names  -v -Wl,-v CMakeFiles/cmTC_0df31.dir/CMakeCXXCompilerABI.cpp.o  -o cmTC_0df31 
mpicxx for MPICH version 3.3.2
Using built-in specs.
COLLECT_GCC=/Users/janv4/Modules/SymLinks/g++
COLLECT_LTO_WRAPPER=/usr/local/Cellar/gcc/10.2.0/libexec/gcc/x86_64-apple-darwin18/10.2.0/lto-wrapper
Target: x86_64-apple-darwin18
Configured with: ../configure --build=x86_64-apple-darwin18 --prefix=/usr/local/Cellar/gcc/10.2.0 --libdir=/usr/local/Cellar/gcc/10.2.0/lib/gcc/10 --disable-nls --enable-checking=release --enable-languages=c,c++,objc,obj-c++,fortran --program-suffix=-10 --with-gmp=/usr/local/opt/gmp --with-mpfr=/usr/local/opt/mpfr --with-mpc=/usr/local/opt/libmpc --with-isl=/usr/local/opt/isl --with-system-zlib --with-pkgversion='Homebrew GCC 10.2.0' --with-bugurl=https://github.com/Homebrew/homebrew-core/issues --disable-multilib --with-native-system-header-dir=/usr/include --with-sysroot=/Library/Developer/CommandLineTools/SDKs/MacOSX10.14.sdk SED=/usr/bin/sed
Thread model: posix
Supported LTO compression algorithms: zlib
gcc version 10.2.0 (Homebrew GCC 10.2.0) 
COMPILER_PATH=/usr/local/Cellar/gcc/10.2.0/libexec/gcc/x86_64-apple-darwin18/10.2.0/:/usr/local/Cellar/gcc/10.2.0/libexec/gcc/x86_64-apple-darwin18/10.2.0/:/usr/local/Cellar/gcc/10.2.0/libexec/gcc/x86_64-apple-darwin18/:/usr/local/Cellar/gcc/10.2.0/lib/gcc/10/gcc/x86_64-apple-darwin18/10.2.0/:/usr/local/Cellar/gcc/10.2.0/lib/gcc/10/gcc/x86_64-apple-darwin18/
LIBRARY_PATH=/usr/local/Cellar/gcc/10.2.0/lib/gcc/10/gcc/x86_64-apple-darwin18/10.2.0/:/usr/local/Cellar/gcc/10.2.0/lib/gcc/10/gcc/x86_64-apple-darwin18/10.2.0/../../../
COLLECT_GCC_OPTIONS='-v' '-o' 'cmTC_0df31' '-I' '/Users/janv4/Desktop/Projects/MPICH/mpich-3.3.2/build/include' '-L/Users/janv4/Desktop/Projects/MPICH/mpich-3.3.2/build/lib' '-mmacosx-version-min=10.14' '-asm_macosx_version_min=10.14' '-shared-libgcc' '-mtune=core2'
 /usr/local/Cellar/gcc/10.2.0/libexec/gcc/x86_64-apple-darwin18/10.2.0/collect2 -syslibroot /Library/Developer/CommandLineTools/SDKs/MacOSX10.14.sdk/ -dynamic -arch x86_64 -macosx_version_min 10.14 -weak_reference_mismatches non-weak -o cmTC_0df31 -L/Users/janv4/Desktop/Projects/MPICH/mpich-3.3.2/build/lib -L/usr/local/Cellar/gcc/10.2.0/lib/gcc/10/gcc/x86_64-apple-darwin18/10.2.0 -L/usr/local/Cellar/gcc/10.2.0/lib/gcc/10/gcc/x86_64-apple-darwin18/10.2.0/../../.. -flat_namespace -commons use_dylibs -search_paths_first -headerpad_max_install_names -v CMakeFiles/cmTC_0df31.dir/CMakeCXXCompilerABI.cpp.o -lmpicxx -lmpi -lpmpi -lstdc++ -lSystem -lgcc_ext.10.5 -lgcc -lSystem -no_compact_unwind -v
collect2 version 10.2.0
/usr/bin/ld -syslibroot /Library/Developer/CommandLineTools/SDKs/MacOSX10.14.sdk/ -dynamic -arch x86_64 -macosx_version_min 10.14 -weak_reference_mismatches non-weak -o cmTC_0df31 -L/Users/janv4/Desktop/Projects/MPICH/mpich-3.3.2/build/lib -L/usr/local/Cellar/gcc/10.2.0/lib/gcc/10/gcc/x86_64-apple-darwin18/10.2.0 -L/usr/local/Cellar/gcc/10.2.0/lib/gcc/10/gcc/x86_64-apple-darwin18/10.2.0/../../.. -flat_namespace -commons use_dylibs -search_paths_first -headerpad_max_install_names -v CMakeFiles/cmTC_0df31.dir/CMakeCXXCompilerABI.cpp.o -lmpicxx -lmpi -lpmpi -lstdc++ -lSystem -lgcc_ext.10.5 -lgcc -lSystem -no_compact_unwind -v
@(#)PROGRAM:ld  PROJECT:ld64-512.4
BUILD 14:16:54 Aug 26 2019
configured to support archs: armv6 armv7 armv7s arm64 arm64e arm64_32 i386 x86_64 x86_64h armv6m armv7k armv7m armv7em
@(#)PROGRAM:ld  PROJECT:ld64-512.4
BUILD 14:16:54 Aug 26 2019
configured to support archs: armv6 armv7 armv7s arm64 arm64e arm64_32 i386 x86_64 x86_64h armv6m armv7k armv7m armv7em
Library search paths:
	/Users/janv4/Desktop/Projects/MPICH/mpich-3.3.2/build/lib
	/usr/local/Cellar/gcc/10.2.0/lib/gcc/10/gcc/x86_64-apple-darwin18/10.2.0
	/usr/local/Cellar/gcc/10.2.0/lib/gcc/10
	/Library/Developer/CommandLineTools/SDKs/MacOSX10.14.sdk/usr/lib
Framework search paths:
	/Library/Developer/CommandLineTools/SDKs/MacOSX10.14.sdk/System/Library/Frameworks/
gmake[1]: Leaving directory '/Users/janv4/Desktop/ChiTech/UnColFAlgo/buildc/CMakeFiles/CMakeTmp'


Parsed CXX implicit link information from above output:
  link line regex: [^( *|.*[/\])(ld|CMAKE_LINK_STARTFILE-NOTFOUND|([^/\]+-)?ld|collect2)[^/\]*( |$)]
  ignore line: [Change Dir: /Users/janv4/Desktop/ChiTech/UnColFAlgo/buildc/CMakeFiles/CMakeTmp]
  ignore line: []
  ignore line: [Run Build Command:"/usr/local/bin/gmake" "cmTC_0df31/fast"]
  ignore line: [/usr/local/bin/gmake -f CMakeFiles/cmTC_0df31.dir/build.make CMakeFiles/cmTC_0df31.dir/build]
  ignore line: [gmake[1]: Entering directory '/Users/janv4/Desktop/ChiTech/UnColFAlgo/buildc/CMakeFiles/CMakeTmp']
  ignore line: [Building CXX object CMakeFiles/cmTC_0df31.dir/CMakeCXXCompilerABI.cpp.o]
  ignore line: [/Users/janv4/Desktop/Projects/MPICH/mpich-3.3.2/build/bin/mpicxx    -mmacosx-version-min=10.14   -o CMakeFiles/cmTC_0df31.dir/CMakeCXXCompilerABI.cpp.o -c /usr/local/Cellar/cmake/3.13.1/share/cmake/Modules/CMakeCXXCompilerABI.cpp]
  ignore line: [Linking CXX executable cmTC_0df31]
  ignore line: [/usr/local/Cellar/cmake/3.13.1/bin/cmake -E cmake_link_script CMakeFiles/cmTC_0df31.dir/link.txt --verbose=1]
  ignore line: [/Users/janv4/Desktop/Projects/MPICH/mpich-3.3.2/build/bin/mpicxx    -mmacosx-version-min=10.14 -Wl,-search_paths_first -Wl,-headerpad_max_install_names  -v -Wl,-v CMakeFiles/cmTC_0df31.dir/CMakeCXXCompilerABI.cpp.o  -o cmTC_0df31 ]
  ignore line: [mpicxx for MPICH version 3.3.2]
  ignore line: [Using built-in specs.]
  ignore line: [COLLECT_GCC=/Users/janv4/Modules/SymLinks/g++]
  ignore line: [COLLECT_LTO_WRAPPER=/usr/local/Cellar/gcc/10.2.0/libexec/gcc/x86_64-apple-darwin18/10.2.0/lto-wrapper]
  ignore line: [Target: x86_64-apple-darwin18]
  ignore line: [Configured with: ../configure --build=x86_64-apple-darwin18 --prefix=/usr/local/Cellar/gcc/10.2.0 --libdir=/usr/local/Cellar/gcc/10.2.0/lib/gcc/10 --disable-nls --enable-checking=release --enable-languages=c,c++,objc,obj-c++,fortran --program-suffix=-10 --with-gmp=/usr/local/opt/gmp --with-mpfr=/usr/local/opt/mpfr --with-mpc=/usr/local/opt/libmpc --with-isl=/usr/local/opt/isl --with-system-zlib --with-pkgversion='Homebrew GCC 10.2.0' --with-bugurl=https://github.com/Homebrew/homebrew-core/issues --disable-multilib --with-native-system-header-dir=/usr/include --with-sysroot=/Library/Developer/CommandLineTools/SDKs/MacOSX10.14.sdk SED=/usr/bin/sed]
  ignore line: [Thread model: posix]
  ignore line: [Supported LTO compression algorithms: zlib]
  ignore line: [gcc version 10.2.0 (Homebrew GCC 10.2.0) ]
  ignore line: [COMPILER_PATH=/usr/local/Cellar/gcc/10.2.0/libexec/gcc/x86_64-apple-darwin18/10.2.0/:/usr/local/Cellar/gcc/10.2.0/libexec/gcc/x86_64-apple-darwin18/10.2.0/:/usr/local/Cellar/gcc/10.2.0/libexec/gcc/x86_64-apple-darwin18/:/usr/local/Cellar/gcc/10.2.0/lib/gcc/10/gcc/x86_64-apple-darwin18/10.2.0/:/usr/local/Cellar/gcc/10.2.0/lib/gcc/10/gcc/x86_64-apple-darwin18/]
  ignore line: [LIBRARY_PATH=/usr/local/Cellar/gcc/10.2.0/lib/gcc/10/gcc/x86_64-apple-darwin18/10.2.0/:/usr/local/Cellar/gcc/10.2.0/lib/gcc/10/gcc/x86_64-apple-darwin18/10.2.0/../../../]
  ignore line: [COLLECT_GCC_OPTIONS='-v' '-o' 'cmTC_0df31' '-I' '/Users/janv4/Desktop/Projects/MPICH/mpich-3.3.2/build/include' '-L/Users/janv4/Desktop/Projects/MPICH/mpich-3.3.2/build/lib' '-mmacosx-version-min=10.14' '-asm_macosx_version_min=10.14' '-shared-libgcc' '-mtune=core2']
  link line: [ /usr/local/Cellar/gcc/10.2.0/libexec/gcc/x86_64-apple-darwin18/10.2.0/collect2 -syslibroot /Library/Developer/CommandLineTools/SDKs/MacOSX10.14.sdk/ -dynamic -arch x86_64 -macosx_version_min 10.14 -weak_reference_mismatches non-weak -o cmTC_0df31 -L/Users/janv4/Desktop/Projects/MPICH/mpich-3.3.2/build/lib -L/usr/local/Cellar/gcc/10.2.0/lib/gcc/10/gcc/x86_64-apple-darwin18/10.2.0 -L/usr/local/Cellar/gcc/10.2.0/lib/gcc/10/gcc/x86_64-apple-darwin18/10.2.0/../../.. -flat_namespace -commons use_dylibs -search_paths_first -headerpad_max_install_names -v CMakeFiles/cmTC_0df31.dir/CMakeCXXCompilerABI.cpp.o -lmpicxx -lmpi -lpmpi -lstdc++ -lSystem -lgcc_ext.10.5 -lgcc -lSystem -no_compact_unwind -v]
    arg [/usr/local/Cellar/gcc/10.2.0/libexec/gcc/x86_64-apple-darwin18/10.2.0/collect2] ==> ignore
    arg [-syslibroot] ==> ignore
    arg [/Library/Developer/CommandLineTools/SDKs/MacOSX10.14.sdk/] ==> ignore
    arg [-dynamic] ==> ignore
    arg [-arch] ==> ignore
    arg [x86_64] ==> ignore
    arg [-macosx_version_min] ==> ignore
    arg [10.14] ==> ignore
    arg [-weak_reference_mismatches] ==> ignore
    arg [non-weak] ==> ignore
    arg [-o] ==> ignore
    arg [cmTC_0df31] ==> ignore
    arg [-L/Users/janv4/Desktop/Projects/MPICH/mpich-3.3.2/build/lib] ==> dir [/Users/janv4/Desktop/Projects/MPICH/mpich-3.3.2/build/lib]
    arg [-L/usr/local/Cellar/gcc/10.2.0/lib/gcc/10/gcc/x86_64-apple-darwin18/10.2.0] ==> dir [/usr/local/Cellar/gcc/10.2.0/lib/gcc/10/gcc/x86_64-apple-darwin18/10.2.0]
    arg [-L/usr/local/Cellar/gcc/10.2.0/lib/gcc/10/gcc/x86_64-apple-darwin18/10.2.0/../../..] ==> dir [/usr/local/Cellar/gcc/10.2.0/lib/gcc/10/gcc/x86_64-apple-darwin18/10.2.0/../../..]
    arg [-flat_namespace] ==> ignore
    arg [-commons] ==> ignore
    arg [use_dylibs] ==> ignore
    arg [-search_paths_first] ==> ignore
    arg [-headerpad_max_install_names] ==> ignore
    arg [-v] ==> ignore
    arg [CMakeFiles/cmTC_0df31.dir/CMakeCXXCompilerABI.cpp.o] ==> ignore
    arg [-lmpicxx] ==> lib [mpicxx]
    arg [-lmpi] ==> lib [mpi]
    arg [-lpmpi] ==> lib [pmpi]
    arg [-lstdc++] ==> lib [stdc++]
    arg [-lSystem] ==> lib [System]
    arg [-lgcc_ext.10.5] ==> lib [gcc_ext.10.5]
    arg [-lgcc] ==> lib [gcc]
    arg [-lSystem] ==> lib [System]
    arg [-no_compact_unwind] ==> ignore
    arg [-v] ==> ignore
  Library search paths: [;/Users/janv4/Desktop/Projects/MPICH/mpich-3.3.2/build/lib;/usr/local/Cellar/gcc/10.2.0/lib/gcc/10/gcc/x86_64-apple-darwin18/10.2.0;/usr/local/Cellar/gcc/10.2.0/lib/gcc/10;/Library/Developer/CommandLineTools/SDKs/MacOSX10.14.sdk/usr/lib]
  Framework search paths: [;/Library/Developer/CommandLineTools/SDKs/MacOSX10.14.sdk/System/Library/Frameworks/]
  remove lib [System]
  remove lib [System]
  collapse library dir [/Users/janv4/Desktop/Projects/MPICH/mpich-3.3.2/build/lib] ==> [/Users/janv4/Desktop/Projects/MPICH/mpich-3.3.2/build/lib]
  collapse library dir [/usr/local/Cellar/gcc/10.2.0/lib/gcc/10/gcc/x86_64-apple-darwin18/10.2.0] ==> [/usr/local/Cellar/gcc/10.2.0/lib/gcc/10/gcc/x86_64-apple-darwin18/10.2.0]
  collapse library dir [/usr/local/Cellar/gcc/10.2.0/lib/gcc/10/gcc/x86_64-apple-darwin18/10.2.0/../../..] ==> [/usr/local/Cellar/gcc/10.2.0/lib/gcc/10]
  collapse library dir [/Users/janv4/Desktop/Projects/MPICH/mpich-3.3.2/build/lib] ==> [/Users/janv4/Desktop/Projects/MPICH/mpich-3.3.2/build/lib]
  collapse library dir [/usr/local/Cellar/gcc/10.2.0/lib/gcc/10/gcc/x86_64-apple-darwin18/10.2.0] ==> [/usr/local/Cellar/gcc/10.2.0/lib/gcc/10/gcc/x86_64-apple-darwin18/10.2.0]
  collapse library dir [/usr/local/Cellar/gcc/10.2.0/lib/gcc/10] ==> [/usr/local/Cellar/gcc/10.2.0/lib/gcc/10]
  collapse library dir [/Library/Developer/CommandLineTools/SDKs/MacOSX10.14.sdk/usr/lib] ==> [/Library/Developer/CommandLineTools/SDKs/MacOSX10.14.sdk/usr/lib]
  collapse framework dir [/Library/Developer/CommandLineTools/SDKs/MacOSX10.14.sdk/System/Library/Frameworks/] ==> [/Library/Developer/CommandLineTools/SDKs/MacOSX10.14.sdk/System/Library/Frameworks]
  implicit libs: [mpicxx;mpi;pmpi;stdc++;gcc_ext.10.5;gcc]
  implicit dirs: [/Users/janv4/Desktop/Projects/MPICH/mpich-3.3.2/build/lib;/usr/local/Cellar/gcc/10.2.0/lib/gcc/10/gcc/x86_64-apple-darwin18/10.2.0;/usr/local/Cellar/gcc/10.2.0/lib/gcc/10;/Library/Developer/CommandLineTools/SDKs/MacOSX10.14.sdk/usr/lib]
  implicit fwks: [/Library/Developer/CommandLineTools/SDKs/MacOSX10.14.sdk/System/Library/Frameworks]




Detecting CXX [-std=c++2a] compiler features compiled with the following output:
Change Dir: /Users/janv4/Desktop/ChiTech/UnColFAlgo/buildc/CMakeFiles/CMakeTmp

Run Build Command:"/usr/local/bin/gmake" "cmTC_cdd69/fast"
/usr/local/bin/gmake -f CMakeFiles/cmTC_cdd69.dir/build.make CMakeFiles/cmTC_cdd69.dir/build
gmake[1]: Entering directory '/Users/janv4/Desktop/ChiTech/UnColFAlgo/buildc/CMakeFiles/CMakeTmp'
Building CXX object CMakeFiles/cmTC_cdd69.dir/feature_tests.cxx.o
/Users/janv4/Desktop/Projects/MPICH/mpich-3.3.2/build/bin/mpicxx    -mmacosx-version-min=10.14   -std=c++2a -o CMakeFiles/cmTC_cdd69.dir/feature_tests.cxx.o -c /Users/janv4/Desktop/ChiTech/UnColFAlgo/buildc/CMakeFiles/feature_tests.cxx
Linking CXX executable cmTC_cdd69
/usr/local/Cellar/cmake/3.13.1/bin/cmake -E cmake_link_script CMakeFiles/cmTC_cdd69.dir/link.txt --verbose=1
/Users/janv4/Desktop/Projects/MPICH/mpich-3.3.2/build/bin/mpicxx    -mmacosx-version-min=10.14 -Wl,-search_paths_first -Wl,-headerpad_max_install_names   CMakeFiles/cmTC_cdd69.dir/feature_tests.cxx.o  -o cmTC_cdd69 
gmake[1]: Leaving directory '/Users/janv4/Desktop/ChiTech/UnColFAlgo/buildc/CMakeFiles/CMakeTmp'


    Feature record: CXX_FEATURE:1cxx_aggregate_default_initializers
    Feature record: CXX_FEATURE:1cxx_alias_templates
    Feature record: CXX_FEATURE:1cxx_alignas
    Feature record: CXX_FEATURE:1cxx_alignof
    Feature record: CXX_FEATURE:1cxx_attributes
    Feature record: CXX_FEATURE:1cxx_attribute_deprecated
    Feature record: CXX_FEATURE:1cxx_auto_type
    Feature record: CXX_FEATURE:1cxx_binary_literals
    Feature record: CXX_FEATURE:1cxx_constexpr
    Feature record: CXX_FEATURE:1cxx_contextual_conversions
    Feature record: CXX_FEATURE:1cxx_decltype
    Feature record: CXX_FEATURE:1cxx_decltype_auto
    Feature record: CXX_FEATURE:1cxx_decltype_incomplete_return_types
    Feature record: CXX_FEATURE:1cxx_default_function_template_args
    Feature record: CXX_FEATURE:1cxx_defaulted_functions
    Feature record: CXX_FEATURE:1cxx_defaulted_move_initializers
    Feature record: CXX_FEATURE:1cxx_delegating_constructors
    Feature record: CXX_FEATURE:1cxx_deleted_functions
    Feature record: CXX_FEATURE:1cxx_digit_separators
    Feature record: CXX_FEATURE:1cxx_enum_forward_declarations
    Feature record: CXX_FEATURE:1cxx_explicit_conversions
    Feature record: CXX_FEATURE:1cxx_extended_friend_declarations
    Feature record: CXX_FEATURE:1cxx_extern_templates
    Feature record: CXX_FEATURE:1cxx_final
    Feature record: CXX_FEATURE:1cxx_func_identifier
    Feature record: CXX_FEATURE:1cxx_generalized_initializers
    Feature record: CXX_FEATURE:1cxx_generic_lambdas
    Feature record: CXX_FEATURE:1cxx_inheriting_constructors
    Feature record: CXX_FEATURE:1cxx_inline_namespaces
    Feature record: CXX_FEATURE:1cxx_lambdas
    Feature record: CXX_FEATURE:1cxx_lambda_init_captures
    Feature record: CXX_FEATURE:1cxx_local_type_template_args
    Feature record: CXX_FEATURE:1cxx_long_long_type
    Feature record: CXX_FEATURE:1cxx_noexcept
    Feature record: CXX_FEATURE:1cxx_nonstatic_member_init
    Feature record: CXX_FEATURE:1cxx_nullptr
    Feature record: CXX_FEATURE:1cxx_override
    Feature record: CXX_FEATURE:1cxx_range_for
    Feature record: CXX_FEATURE:1cxx_raw_string_literals
    Feature record: CXX_FEATURE:1cxx_reference_qualified_functions
    Feature record: CXX_FEATURE:1cxx_relaxed_constexpr
    Feature record: CXX_FEATURE:1cxx_return_type_deduction
    Feature record: CXX_FEATURE:1cxx_right_angle_brackets
    Feature record: CXX_FEATURE:1cxx_rvalue_references
    Feature record: CXX_FEATURE:1cxx_sizeof_member
    Feature record: CXX_FEATURE:1cxx_static_assert
    Feature record: CXX_FEATURE:1cxx_strong_enums
    Feature record: CXX_FEATURE:1cxx_template_template_parameters
    Feature record: CXX_FEATURE:1cxx_thread_local
    Feature record: CXX_FEATURE:1cxx_trailing_return_types
    Feature record: CXX_FEATURE:1cxx_unicode_literals
    Feature record: CXX_FEATURE:1cxx_uniform_initialization
    Feature record: CXX_FEATURE:1cxx_unrestricted_unions
    Feature record: CXX_FEATURE:1cxx_user_literals
    Feature record: CXX_FEATURE:1cxx_variable_templates
    Feature record: CXX_FEATURE:1cxx_variadic_macros
    Feature record: CXX_FEATURE:1cxx_variadic_templates


Detecting CXX [-std=c++17] compiler features compiled with the following output:
Change Dir: /Users/janv4/Desktop/ChiTech/UnColFAlgo/buildc/CMakeFiles/CMakeTmp

Run Build Command:"/usr/local/bin/gmake" "cmTC_c90bc/fast"
/usr/local/bin/gmake -f CMakeFiles/cmTC_c90bc.dir/build.make CMakeFiles/cmTC_c90bc.dir/build
gmake[1]: Entering directory '/Users/janv4/Desktop/ChiTech/UnColFAlgo/buildc/CMakeFiles/CMakeTmp'
Building CXX object CMakeFiles/cmTC_c90bc.dir/feature_tests.cxx.o
/Users/janv4/Desktop/Projects/MPICH/mpich-3.3.2/build/bin/mpicxx    -mmacosx-version-min=10.14   -std=c++17 -o CMakeFiles/cmTC_c90bc.dir/feature_tests.cxx.o -c /Users/janv4/Desktop/ChiTech/UnColFAlgo/buildc/CMakeFiles/feature_tests.cxx
Linking CXX executable cmTC_c90bc
/usr/local/Cellar/cmake/3.13.1/bin/cmake -E cmake_link_script CMakeFiles/cmTC_c90bc.dir/link.txt --verbose=1
/Users/janv4/Desktop/Projects/MPICH/mpich-3.3.2/build/bin/mpicxx    -mmacosx-version-min=10.14 -Wl,-search_paths_first -Wl,-headerpad_max_install_names   CMakeFiles/cmTC_c90bc.dir/feature_tests.cxx.o  -o cmTC_c90bc 
gmake[1]: Leaving directory '/Users/janv4/Desktop/ChiTech/UnColFAlgo/buildc/CMakeFiles/CMakeTmp'


    Feature record: CXX_FEATURE:1cxx_aggregate_default_initializers
    Feature record: CXX_FEATURE:1cxx_alias_templates
    Feature record: CXX_FEATURE:1cxx_alignas
    Feature record: CXX_FEATURE:1cxx_alignof
    Feature record: CXX_FEATURE:1cxx_attributes
    Feature record: CXX_FEATURE:1cxx_attribute_deprecated
    Feature record: CXX_FEATURE:1cxx_auto_type
    Feature record: CXX_FEATURE:1cxx_binary_literals
    Feature record: CXX_FEATURE:1cxx_constexpr
    Feature record: CXX_FEATURE:1cxx_contextual_conversions
    Feature record: CXX_FEATURE:1cxx_decltype
    Feature record: CXX_FEATURE:1cxx_decltype_auto
    Feature record: CXX_FEATURE:1cxx_decltype_incomplete_return_types
    Feature record: CXX_FEATURE:1cxx_default_function_template_args
    Feature record: CXX_FEATURE:1cxx_defaulted_functions
    Feature record: CXX_FEATURE:1cxx_defaulted_move_initializers
    Feature record: CXX_FEATURE:1cxx_delegating_constructors
    Feature record: CXX_FEATURE:1cxx_deleted_functions
    Feature record: CXX_FEATURE:1cxx_digit_separators
    Feature record: CXX_FEATURE:1cxx_enum_forward_declarations
    Feature record: CXX_FEATURE:1cxx_explicit_conversions
    Feature record: CXX_FEATURE:1cxx_extended_friend_declarations
    Feature record: CXX_FEATURE:1cxx_extern_templates
    Feature record: CXX_FEATURE:1cxx_final
    Feature record: CXX_FEATURE:1cxx_func_identifier
    Feature record: CXX_FEATURE:1cxx_generalized_initializers
    Feature record: CXX_FEATURE:1cxx_generic_lambdas
    Feature record: CXX_FEATURE:1cxx_inheriting_constructors
    Feature record: CXX_FEATURE:1cxx_inline_namespaces
    Feature record: CXX_FEATURE:1cxx_lambdas
    Feature record: CXX_FEATURE:1cxx_lambda_init_captures
    Feature record: CXX_FEATURE:1cxx_local_type_template_args
    Feature record: CXX_FEATURE:1cxx_long_long_type
    Feature record: CXX_FEATURE:1cxx_noexcept
    Feature record: CXX_FEATURE:1cxx_nonstatic_member_init
    Feature record: CXX_FEATURE:1cxx_nullptr
    Feature record: CXX_FEATURE:1cxx_override
    Feature record: CXX_FEATURE:1cxx_range_for
    Feature record: CXX_FEATURE:1cxx_raw_string_literals
    Feature record: CXX_FEATURE:1cxx_reference_qualified_functions
    Feature record: CXX_FEATURE:1cxx_relaxed_constexpr
    Feature record: CXX_FEATURE:1cxx_return_type_deduction
    Feature record: CXX_FEATURE:1cxx_right_angle_brackets
    Feature record: CXX_FEATURE:1cxx_rvalue_references
    Feature record: CXX_FEATURE:1cxx_sizeof_member
    Feature record: CXX_FEATURE:1cxx_static_assert
    Feature record: CXX_FEATURE:1cxx_strong_enums
    Feature record: CXX_FEATURE:1cxx_template_template_parameters
    Feature record: CXX_FEATURE:1cxx_thread_local
    Feature record: CXX_FEATURE:1cxx_trailing_return_types
    Feature record: CXX_FEATURE:1cxx_unicode_literals
    Feature record: CXX_FEATURE:1cxx_uniform_initialization
    Feature record: CXX_FEATURE:1cxx_unrestricted_unions
    Feature record: CXX_FEATURE:1cxx_user_literals
    Feature record: CXX_FEATURE:1cxx_variable_templates
    Feature record: CXX_FEATURE:1cxx_variadic_macros
    Feature record: CXX_FEATURE:1cxx_variadic_templates


Detecting CXX [-std=c++14] compiler features compiled with the following output:
Change Dir: /Users/janv4/Desktop/ChiTech/UnColFAlgo/buildc/CMakeFiles/CMakeTmp

Run Build Command:"/usr/local/bin/gmake" "cmTC_c6ad3/fast"
/usr/local/bin/gmake -f CMakeFiles/cmTC_c6ad3.dir/build.make CMakeFiles/cmTC_c6ad3.dir/build
gmake[1]: Entering directory '/Users/janv4/Desktop/ChiTech/UnColFAlgo/buildc/CMakeFiles/CMakeTmp'
Building CXX object CMakeFiles/cmTC_c6ad3.dir/feature_tests.cxx.o
/Users/janv4/Desktop/Projects/MPICH/mpich-3.3.2/build/bin/mpicxx    -mmacosx-version-min=10.14   -std=c++14 -o CMakeFiles/cmTC_c6ad3.dir/feature_tests.cxx.o -c /Users/janv4/Desktop/ChiTech/UnColFAlgo/buildc/CMakeFiles/feature_tests.cxx
Linking CXX executable cmTC_c6ad3
/usr/local/Cellar/cmake/3.13.1/bin/cmake -E cmake_link_script CMakeFiles/cmTC_c6ad3.dir/link.txt --verbose=1
/Users/janv4/Desktop/Projects/MPICH/mpich-3.3.2/build/bin/mpicxx    -mmacosx-version-min=10.14 -Wl,-search_paths_first -Wl,-headerpad_max_install_names   CMakeFiles/cmTC_c6ad3.dir/feature_tests.cxx.o  -o cmTC_c6ad3 
gmake[1]: Leaving directory '/Users/janv4/Desktop/ChiTech/UnColFAlgo/buildc/CMakeFiles/CMakeTmp'


    Feature record: CXX_FEATURE:1cxx_aggregate_default_initializers
    Feature record: CXX_FEATURE:1cxx_alias_templates
    Feature record: CXX_FEATURE:1cxx_alignas
    Feature record: CXX_FEATURE:1cxx_alignof
    Feature record: CXX_FEATURE:1cxx_attributes
    Feature record: CXX_FEATURE:1cxx_attribute_deprecated
    Feature record: CXX_FEATURE:1cxx_auto_type
    Feature record: CXX_FEATURE:1cxx_binary_literals
    Feature record: CXX_FEATURE:1cxx_constexpr
    Feature record: CXX_FEATURE:1cxx_contextual_conversions
    Feature record: CXX_FEATURE:1cxx_decltype
    Feature record: CXX_FEATURE:1cxx_decltype_auto
    Feature record: CXX_FEATURE:1cxx_decltype_incomplete_return_types
    Feature record: CXX_FEATURE:1cxx_default_function_template_args
    Feature record: CXX_FEATURE:1cxx_defaulted_functions
    Feature record: CXX_FEATURE:1cxx_defaulted_move_initializers
    Feature record: CXX_FEATURE:1cxx_delegating_constructors
    Feature record: CXX_FEATURE:1cxx_deleted_functions
    Feature record: CXX_FEATURE:1cxx_digit_separators
    Feature record: CXX_FEATURE:1cxx_enum_forward_declarations
    Feature record: CXX_FEATURE:1cxx_explicit_conversions
    Feature record: CXX_FEATURE:1cxx_extended_friend_declarations
    Feature record: CXX_FEATURE:1cxx_extern_templates
    Feature record: CXX_FEATURE:1cxx_final
    Feature record: CXX_FEATURE:1cxx_func_identifier
    Feature record: CXX_FEATURE:1cxx_generalized_initializers
    Feature record: CXX_FEATURE:1cxx_generic_lambdas
    Feature record: CXX_FEATURE:1cxx_inheriting_constructors
    Feature record: CXX_FEATURE:1cxx_inline_namespaces
    Feature record: CXX_FEATURE:1cxx_lambdas
    Feature record: CXX_FEATURE:1cxx_lambda_init_captures
    Feature record: CXX_FEATURE:1cxx_local_type_template_args
    Feature record: CXX_FEATURE:1cxx_long_long_type
    Feature record: CXX_FEATURE:1cxx_noexcept
    Feature record: CXX_FEATURE:1cxx_nonstatic_member_init
    Feature record: CXX_FEATURE:1cxx_nullptr
    Feature record: CXX_FEATURE:1cxx_override
    Feature record: CXX_FEATURE:1cxx_range_for
    Feature record: CXX_FEATURE:1cxx_raw_string_literals
    Feature record: CXX_FEATURE:1cxx_reference_qualified_functions
    Feature record: CXX_FEATURE:1cxx_relaxed_constexpr
    Feature record: CXX_FEATURE:1cxx_return_type_deduction
    Feature record: CXX_FEATURE:1cxx_right_angle_brackets
    Feature record: CXX_FEATURE:1cxx_rvalue_references
    Feature record: CXX_FEATURE:1cxx_sizeof_member
    Feature record: CXX_FEATURE:1cxx_static_assert
    Feature record: CXX_FEATURE:1cxx_strong_enums
    Feature record: CXX_FEATURE:1cxx_template_template_parameters
    Feature record: CXX_FEATURE:1cxx_thread_local
    Feature record: CXX_FEATURE:1cxx_trailing_return_types
    Feature record: CXX_FEATURE:1cxx_unicode_literals
    Feature record: CXX_FEATURE:1cxx_uniform_initialization
    Feature record: CXX_FEATURE:1cxx_unrestricted_unions
    Feature record: CXX_FEATURE:1cxx_user_literals
    Feature record: CXX_FEATURE:1cxx_variable_templates
    Feature record: CXX_FEATURE:1cxx_variadic_macros
    Feature record: CXX_FEATURE:1cxx_variadic_templates


Detecting CXX [-std=c++11] compiler features compiled with the following output:
Change Dir: /Users/janv4/Desktop/ChiTech/UnColFAlgo/buildc/CMakeFiles/CMakeTmp

Run Build Command:"/usr/local/bin/gmake" "cmTC_1af7b/fast"
/usr/local/bin/gmake -f CMakeFiles/cmTC_1af7b.dir/build.make CMakeFiles/cmTC_1af7b.dir/build
gmake[1]: Entering directory '/Users/janv4/Desktop/ChiTech/UnColFAlgo/buildc/CMakeFiles/CMakeTmp'
Building CXX object CMakeFiles/cmTC_1af7b.dir/feature_tests.cxx.o
/Users/janv4/Desktop/Projects/MPICH/mpich-3.3.2/build/bin/mpicxx    -mmacosx-version-min=10.14   -std=c++11 -o CMakeFiles/cmTC_1af7b.dir/feature_tests.cxx.o -c /Users/janv4/Desktop/ChiTech/UnColFAlgo/buildc/CMakeFiles/feature_tests.cxx
Linking CXX executable cmTC_1af7b
/usr/local/Cellar/cmake/3.13.1/bin/cmake -E cmake_link_script CMakeFiles/cmTC_1af7b.dir/link.txt --verbose=1
/Users/janv4/Desktop/Projects/MPICH/mpich-3.3.2/build/bin/mpicxx    -mmacosx-version-min=10.14 -Wl,-search_paths_first -Wl,-headerpad_max_install_names   CMakeFiles/cmTC_1af7b.dir/feature_tests.cxx.o  -o cmTC_1af7b 
gmake[1]: Leaving directory '/Users/janv4/Desktop/ChiTech/UnColFAlgo/buildc/CMakeFiles/CMakeTmp'


    Feature record: CXX_FEATURE:0cxx_aggregate_default_initializers
    Feature record: CXX_FEATURE:1cxx_alias_templates
    Feature record: CXX_FEATURE:1cxx_alignas
    Feature record: CXX_FEATURE:1cxx_alignof
    Feature record: CXX_FEATURE:1cxx_attributes
    Feature record: CXX_FEATURE:0cxx_attribute_deprecated
    Feature record: CXX_FEATURE:1cxx_auto_type
    Feature record: CXX_FEATURE:0cxx_binary_literals
    Feature record: CXX_FEATURE:1cxx_constexpr
    Feature record: CXX_FEATURE:0cxx_contextual_conversions
    Feature record: CXX_FEATURE:1cxx_decltype
    Feature record: CXX_FEATURE:0cxx_decltype_auto
    Feature record: CXX_FEATURE:1cxx_decltype_incomplete_return_types
    Feature record: CXX_FEATURE:1cxx_default_function_template_args
    Feature record: CXX_FEATURE:1cxx_defaulted_functions
    Feature record: CXX_FEATURE:1cxx_defaulted_move_initializers
    Feature record: CXX_FEATURE:1cxx_delegating_constructors
    Feature record: CXX_FEATURE:1cxx_deleted_functions
    Feature record: CXX_FEATURE:0cxx_digit_separators
    Feature record: CXX_FEATURE:1cxx_enum_forward_declarations
    Feature record: CXX_FEATURE:1cxx_explicit_conversions
    Feature record: CXX_FEATURE:1cxx_extended_friend_declarations
    Feature record: CXX_FEATURE:1cxx_extern_templates
    Feature record: CXX_FEATURE:1cxx_final
    Feature record: CXX_FEATURE:1cxx_func_identifier
    Feature record: CXX_FEATURE:1cxx_generalized_initializers
    Feature record: CXX_FEATURE:0cxx_generic_lambdas
    Feature record: CXX_FEATURE:1cxx_inheriting_constructors
    Feature record: CXX_FEATURE:1cxx_inline_namespaces
    Feature record: CXX_FEATURE:1cxx_lambdas
    Feature record: CXX_FEATURE:0cxx_lambda_init_captures
    Feature record: CXX_FEATURE:1cxx_local_type_template_args
    Feature record: CXX_FEATURE:1cxx_long_long_type
    Feature record: CXX_FEATURE:1cxx_noexcept
    Feature record: CXX_FEATURE:1cxx_nonstatic_member_init
    Feature record: CXX_FEATURE:1cxx_nullptr
    Feature record: CXX_FEATURE:1cxx_override
    Feature record: CXX_FEATURE:1cxx_range_for
    Feature record: CXX_FEATURE:1cxx_raw_string_literals
    Feature record: CXX_FEATURE:1cxx_reference_qualified_functions
    Feature record: CXX_FEATURE:0cxx_relaxed_constexpr
    Feature record: CXX_FEATURE:0cxx_return_type_deduction
    Feature record: CXX_FEATURE:1cxx_right_angle_brackets
    Feature record: CXX_FEATURE:1cxx_rvalue_references
    Feature record: CXX_FEATURE:1cxx_sizeof_member
    Feature record: CXX_FEATURE:1cxx_static_assert
    Feature record: CXX_FEATURE:1cxx_strong_enums
    Feature record: CXX_FEATURE:1cxx_template_template_parameters
    Feature record: CXX_FEATURE:1cxx_thread_local
    Feature record: CXX_FEATURE:1cxx_trailing_return_types
    Feature record: CXX_FEATURE:1cxx_unicode_literals
    Feature record: CXX_FEATURE:1cxx_uniform_initialization
    Feature record: CXX_FEATURE:1cxx_unrestricted_unions
    Feature record: CXX_FEATURE:1cxx_user_literals
    Feature record: CXX_FEATURE:0cxx_variable_templates
    Feature record: CXX_FEATURE:1cxx_variadic_macros
    Feature record: CXX_FEATURE:1cxx_variadic_templates


Detecting CXX [-std=c++98] compiler features compiled with the following output:
Change Dir: /Users/janv4/Desktop/ChiTech/UnColFAlgo/buildc/CMakeFiles/CMakeTmp

Run Build Command:"/usr/local/bin/gmake" "cmTC_b9dcc/fast"
/usr/local/bin/gmake -f CMakeFiles/cmTC_b9dcc.dir/build.make CMakeFiles/cmTC_b9dcc.dir/build
gmake[1]: Entering directory '/Users/janv4/Desktop/ChiTech/UnColFAlgo/buildc/CMakeFiles/CMakeTmp'
Building CXX object CMakeFiles/cmTC_b9dcc.dir/feature_tests.cxx.o
/Users/janv4/Desktop/Projects/MPICH/mpich-3.3.2/build/bin/mpicxx    -mmacosx-version-min=10.14   -std=c++98 -o CMakeFiles/cmTC_b9dcc.dir/feature_tests.cxx.o -c /Users/janv4/Desktop/ChiTech/UnColFAlgo/buildc/CMakeFiles/feature_tests.cxx
Linking CXX executable cmTC_b9dcc
/usr/local/Cellar/cmake/3.13.1/bin/cmake -E cmake_link_script CMakeFiles/cmTC_b9dcc.dir/link.txt --verbose=1
/Users/janv4/Desktop/Projects/MPICH/mpich-3.3.2/build/bin/mpicxx    -mmacosx-version-min=10.14 -Wl,-search_paths_first -Wl,-headerpad_max_install_names   CMakeFiles/cmTC_b9dcc.dir/feature_tests.cxx.o  -o cmTC_b9dcc 
gmake[1]: Leaving directory '/Users/janv4/Desktop/ChiTech/UnColFAlgo/buildc/CMakeFiles/CMakeTmp'


    Feature record: CXX_FEATURE:0cxx_aggregate_default_initializers
    Feature record: CXX_FEATURE:0cxx_alias_templates
    Feature record: CXX_FEATURE:0cxx_alignas
    Feature record: CXX_FEATURE:0cxx_alignof
    Feature record: CXX_FEATURE:0cxx_attributes
    Feature record: CXX_FEATURE:0cxx_attribute_deprecated
    Feature record: CXX_FEATURE:0cxx_auto_type
    Feature record: CXX_FEATURE:0cxx_binary_literals
    Feature record: CXX_FEATURE:0cxx_constexpr
    Feature record: CXX_FEATURE:0cxx_contextual_conversions
    Feature record: CXX_FEATURE:0cxx_decltype
    Feature record: CXX_FEATURE:0cxx_decltype_auto
    Feature record: CXX_FEATURE:0cxx_decltype_incomplete_return_types
    Feature record: CXX_FEATURE:0cxx_default_function_template_args
    Feature record: CXX_FEATURE:0cxx_defaulted_functions
    Feature record: CXX_FEATURE:0cxx_defaulted_move_initializers
    Feature record: CXX_FEATURE:0cxx_delegating_constructors
    Feature record: CXX_FEATURE:0cxx_deleted_functions
    Feature record: CXX_FEATURE:0cxx_digit_separators
    Feature record: CXX_FEATURE:0cxx_enum_forward_declarations
    Feature record: CXX_FEATURE:0cxx_explicit_conversions
    Feature record: CXX_FEATURE:0cxx_extended_friend_declarations
    Feature record: CXX_FEATURE:0cxx_extern_templates
    Feature record: CXX_FEATURE:0cxx_final
    Feature record: CXX_FEATURE:0cxx_func_identifier
    Feature record: CXX_FEATURE:0cxx_generalized_initializers
    Feature record: CXX_FEATURE:0cxx_generic_lambdas
    Feature record: CXX_FEATURE:0cxx_inheriting_constructors
    Feature record: CXX_FEATURE:0cxx_inline_namespaces
    Feature record: CXX_FEATURE:0cxx_lambdas
    Feature record: CXX_FEATURE:0cxx_lambda_init_captures
    Feature record: CXX_FEATURE:0cxx_local_type_template_args
    Feature record: CXX_FEATURE:0cxx_long_long_type
    Feature record: CXX_FEATURE:0cxx_noexcept
    Feature record: CXX_FEATURE:0cxx_nonstatic_member_init
    Feature record: CXX_FEATURE:0cxx_nullptr
    Feature record: CXX_FEATURE:0cxx_override
    Feature record: CXX_FEATURE:0cxx_range_for
    Feature record: CXX_FEATURE:0cxx_raw_string_literals
    Feature record: CXX_FEATURE:0cxx_reference_qualified_functions
    Feature record: CXX_FEATURE:0cxx_relaxed_constexpr
    Feature record: CXX_FEATURE:0cxx_return_type_deduction
    Feature record: CXX_FEATURE:0cxx_right_angle_brackets
    Feature record: CXX_FEATURE:0cxx_rvalue_references
    Feature record: CXX_FEATURE:0cxx_sizeof_member
    Feature record: CXX_FEATURE:0cxx_static_assert
    Feature record: CXX_FEATURE:0cxx_strong_enums
    Feature record: CXX_FEATURE:1cxx_template_template_parameters
    Feature record: CXX_FEATURE:0cxx_thread_local
    Feature record: CXX_FEATURE:0cxx_trailing_return_types
    Feature record: CXX_FEATURE:0cxx_unicode_literals
    Feature record: CXX_FEATURE:0cxx_uniform_initialization
    Feature record: CXX_FEATURE:0cxx_unrestricted_unions
    Feature record: CXX_FEATURE:0cxx_user_literals
    Feature record: CXX_FEATURE:0cxx_variable_templates
    Feature record: CXX_FEATURE:0cxx_variadic_macros
    Feature record: CXX_FEATURE:0cxx_variadic_templates
